<?xml version="1.0" encoding="UTF-8"?>
<testsuite name="com.opentext.adf.gateway.app.StatusControllerFT" tests="1" skipped="0" failures="0" errors="0" timestamp="2020-08-11T16:44:20" hostname="NBOSEPF1GVMH9" time="0.86">
  <properties/>
  <testcase name="getHello()" classname="com.opentext.adf.gateway.app.StatusControllerFT" time="0.86"/>
  <system-out><![CDATA[22:14:14.885 [Test worker] DEBUG org.springframework.test.context.BootstrapUtils - Instantiating CacheAwareContextLoaderDelegate from class [org.springframework.test.context.cache.DefaultCacheAwareContextLoaderDelegate]
22:14:14.905 [Test worker] DEBUG org.springframework.test.context.BootstrapUtils - Instantiating BootstrapContext using constructor [public org.springframework.test.context.support.DefaultBootstrapContext(java.lang.Class,org.springframework.test.context.CacheAwareContextLoaderDelegate)]
22:14:14.949 [Test worker] DEBUG org.springframework.test.context.BootstrapUtils - Instantiating TestContextBootstrapper for test class [com.opentext.adf.gateway.app.StatusControllerFT] from class [org.springframework.boot.test.context.SpringBootTestContextBootstrapper]
22:14:14.967 [Test worker] INFO org.springframework.boot.test.context.SpringBootTestContextBootstrapper - Neither @ContextConfiguration nor @ContextHierarchy found for test class [com.opentext.adf.gateway.app.StatusControllerFT], using SpringBootContextLoader
22:14:14.972 [Test worker] DEBUG org.springframework.test.context.support.AbstractContextLoader - Did not detect default resource location for test class [com.opentext.adf.gateway.app.StatusControllerFT]: class path resource [com/opentext/adf/gateway/app/StatusControllerFT-context.xml] does not exist
22:14:14.972 [Test worker] DEBUG org.springframework.test.context.support.AbstractContextLoader - Did not detect default resource location for test class [com.opentext.adf.gateway.app.StatusControllerFT]: class path resource [com/opentext/adf/gateway/app/StatusControllerFTContext.groovy] does not exist
22:14:14.973 [Test worker] INFO org.springframework.test.context.support.AbstractContextLoader - Could not detect default resource locations for test class [com.opentext.adf.gateway.app.StatusControllerFT]: no resource found for suffixes {-context.xml, Context.groovy}.
22:14:14.974 [Test worker] INFO org.springframework.test.context.support.AnnotationConfigContextLoaderUtils - Could not detect default configuration classes for test class [com.opentext.adf.gateway.app.StatusControllerFT]: StatusControllerFT does not declare any static, non-private, non-final, nested classes annotated with @Configuration.
22:14:15.034 [Test worker] DEBUG org.springframework.test.context.support.ActiveProfilesUtils - Could not find an 'annotation declaring class' for annotation type [org.springframework.test.context.ActiveProfiles] and class [com.opentext.adf.gateway.app.StatusControllerFT]
22:14:15.136 [Test worker] DEBUG org.springframework.context.annotation.ClassPathScanningCandidateComponentProvider - Identified candidate component class: URL [jar:file:/C:/Users/nbose/gitot/adf-gateway/gateway-service/build/libs/adf-gateway-service-0.0.2-SNAPSHOT.jar!/com/opentext/adf/gateway/app/GatewayServiceApp.class]
22:14:15.138 [Test worker] INFO org.springframework.boot.test.context.SpringBootTestContextBootstrapper - Found @SpringBootConfiguration com.opentext.adf.gateway.app.GatewayServiceApp for test class com.opentext.adf.gateway.app.StatusControllerFT
22:14:15.268 [Test worker] DEBUG org.springframework.boot.test.context.SpringBootTestContextBootstrapper - @TestExecutionListeners is not present for class [com.opentext.adf.gateway.app.StatusControllerFT]: using defaults.
22:14:15.269 [Test worker] INFO org.springframework.boot.test.context.SpringBootTestContextBootstrapper - Loaded default TestExecutionListener class names from location [META-INF/spring.factories]: [org.springframework.boot.test.autoconfigure.restdocs.RestDocsTestExecutionListener, org.springframework.boot.test.autoconfigure.web.client.MockRestServiceServerResetTestExecutionListener, org.springframework.boot.test.autoconfigure.web.servlet.MockMvcPrintOnlyOnFailureTestExecutionListener, org.springframework.boot.test.autoconfigure.web.servlet.WebDriverTestExecutionListener, org.springframework.boot.test.mock.mockito.MockitoTestExecutionListener, org.springframework.boot.test.mock.mockito.ResetMocksTestExecutionListener, org.springframework.test.context.web.ServletTestExecutionListener, org.springframework.test.context.support.DirtiesContextBeforeModesTestExecutionListener, org.springframework.test.context.support.DependencyInjectionTestExecutionListener, org.springframework.test.context.support.DirtiesContextTestExecutionListener, org.springframework.test.context.transaction.TransactionalTestExecutionListener, org.springframework.test.context.jdbc.SqlScriptsTestExecutionListener, org.springframework.test.context.event.EventPublishingTestExecutionListener]
22:14:15.282 [Test worker] DEBUG org.springframework.boot.test.context.SpringBootTestContextBootstrapper - Skipping candidate TestExecutionListener [org.springframework.test.context.transaction.TransactionalTestExecutionListener] due to a missing dependency. Specify custom listener classes or make the default listener classes and their required dependencies available. Offending class: [org/springframework/transaction/interceptor/TransactionAttributeSource]
22:14:15.283 [Test worker] DEBUG org.springframework.boot.test.context.SpringBootTestContextBootstrapper - Skipping candidate TestExecutionListener [org.springframework.test.context.jdbc.SqlScriptsTestExecutionListener] due to a missing dependency. Specify custom listener classes or make the default listener classes and their required dependencies available. Offending class: [org/springframework/transaction/interceptor/TransactionAttribute]
22:14:15.284 [Test worker] INFO org.springframework.boot.test.context.SpringBootTestContextBootstrapper - Using TestExecutionListeners: [org.springframework.test.context.web.ServletTestExecutionListener@2ddd2464, org.springframework.test.context.support.DirtiesContextBeforeModesTestExecutionListener@70223c04, org.springframework.boot.test.mock.mockito.MockitoTestExecutionListener@2011fa82, org.springframework.boot.test.autoconfigure.SpringBootDependencyInjectionTestExecutionListener@2531bae9, org.springframework.test.context.support.DirtiesContextTestExecutionListener@610b442f, org.springframework.test.context.event.EventPublishingTestExecutionListener@a88616, org.springframework.boot.test.autoconfigure.restdocs.RestDocsTestExecutionListener@2fc2b96b, org.springframework.boot.test.autoconfigure.web.client.MockRestServiceServerResetTestExecutionListener@78ca888, org.springframework.boot.test.autoconfigure.web.servlet.MockMvcPrintOnlyOnFailureTestExecutionListener@3c1dae6a, org.springframework.boot.test.autoconfigure.web.servlet.WebDriverTestExecutionListener@784107c9, org.springframework.boot.test.mock.mockito.ResetMocksTestExecutionListener@4272f04b]
22:14:15.289 [Test worker] DEBUG org.springframework.test.context.support.AbstractDirtiesContextTestExecutionListener - Before test class: context [DefaultTestContext@4ae362ec testClass = StatusControllerFT, testInstance = [null], testMethod = [null], testException = [null], mergedContextConfiguration = [WebMergedContextConfiguration@16215551 testClass = StatusControllerFT, locations = '{}', classes = '{class com.opentext.adf.gateway.app.GatewayServiceApp}', contextInitializerClasses = '[]', activeProfiles = '{}', propertySourceLocations = '{}', propertySourceProperties = '{org.springframework.boot.test.context.SpringBootTestContextBootstrapper=true, server.port=0}', contextCustomizers = set[org.springframework.boot.test.autoconfigure.properties.PropertyMappingContextCustomizer@0, org.springframework.boot.test.autoconfigure.web.servlet.WebDriverContextCustomizerFactory$Customizer@536ce9f3, org.springframework.boot.test.context.filter.ExcludeFilterContextCustomizer@770c835e, org.springframework.boot.test.json.DuplicateJsonObjectContextCustomizerFactory$DuplicateJsonObjectContextCustomizer@267296ff, org.springframework.boot.test.mock.mockito.MockitoContextCustomizer@0, org.springframework.boot.test.web.client.TestRestTemplateContextCustomizer@41af389f], resourceBasePath = 'src/main/webapp', contextLoader = 'org.springframework.boot.test.context.SpringBootContextLoader', parent = [null]], attributes = map['org.springframework.test.context.web.ServletTestExecutionListener.activateListener' -> false]], class annotated with @DirtiesContext [false] with mode [null].
22:14:15.308 [Test worker] DEBUG org.springframework.test.context.support.DependencyInjectionTestExecutionListener - Performing dependency injection for test context [[DefaultTestContext@4ae362ec testClass = StatusControllerFT, testInstance = com.opentext.adf.gateway.app.StatusControllerFT@2edc92c1, testMethod = [null], testException = [null], mergedContextConfiguration = [WebMergedContextConfiguration@16215551 testClass = StatusControllerFT, locations = '{}', classes = '{class com.opentext.adf.gateway.app.GatewayServiceApp}', contextInitializerClasses = '[]', activeProfiles = '{}', propertySourceLocations = '{}', propertySourceProperties = '{org.springframework.boot.test.context.SpringBootTestContextBootstrapper=true, server.port=0}', contextCustomizers = set[org.springframework.boot.test.autoconfigure.properties.PropertyMappingContextCustomizer@0, org.springframework.boot.test.autoconfigure.web.servlet.WebDriverContextCustomizerFactory$Customizer@536ce9f3, org.springframework.boot.test.context.filter.ExcludeFilterContextCustomizer@770c835e, org.springframework.boot.test.json.DuplicateJsonObjectContextCustomizerFactory$DuplicateJsonObjectContextCustomizer@267296ff, org.springframework.boot.test.mock.mockito.MockitoContextCustomizer@0, org.springframework.boot.test.web.client.TestRestTemplateContextCustomizer@41af389f], resourceBasePath = 'src/main/webapp', contextLoader = 'org.springframework.boot.test.context.SpringBootContextLoader', parent = [null]], attributes = map['org.springframework.test.context.web.ServletTestExecutionListener.activateListener' -> false]]].
22:14:15.338 [Test worker] DEBUG org.springframework.test.context.support.TestPropertySourceUtils - Adding inlined properties to environment: {spring.jmx.enabled=false, org.springframework.boot.test.context.SpringBootTestContextBootstrapper=true, server.port=0}

  .   ____          _            __ _ _
 /\\ / ___'_ __ _ _(_)_ __  __ _ \ \ \ \
( ( )\___ | '_ | '_| | '_ \/ _` | \ \ \ \
 \\/  ___)| |_)| | | | | || (_| |  ) ) ) )
  '  |____| .__|_| |_|_| |_\__, | / / / /
 =========|_|==============|___/=/_/_/_/
 :: Spring Boot ::        (v2.2.2.RELEASE)

2020-08-11 22:14:15.854  INFO 12380 --- [    Test worker] c.o.adf.gateway.app.StatusControllerFT   : Starting StatusControllerFT on NBOSEPF1GVMH9 with PID 12380 (started by nbose in C:\Users\nbose\gitot\adf-gateway\gateway-test-functional)
2020-08-11 22:14:15.856  INFO 12380 --- [    Test worker] c.o.adf.gateway.app.StatusControllerFT   : No active profile set, falling back to default profiles: default
2020-08-11 22:14:17.895  INFO 12380 --- [    Test worker] c.o.adf.common.config.TomcatCustomizer   : ADF custom tomcat properties >>>Keep alive requests: -1, Keep alive timeout: 60000, Header counts: 100
2020-08-11 22:14:17.958  INFO 12380 --- [    Test worker] o.s.b.w.embedded.tomcat.TomcatWebServer  : Tomcat initialized with port(s): 0 (http)
2020-08-11 22:14:17.979  INFO 12380 --- [    Test worker] o.apache.catalina.core.StandardService   : Starting service [Tomcat]
2020-08-11 22:14:17.980  INFO 12380 --- [    Test worker] org.apache.catalina.core.StandardEngine  : Starting Servlet engine: [Apache Tomcat/9.0.29]
2020-08-11 22:14:18.197  INFO 12380 --- [    Test worker] o.a.c.c.C.[Tomcat].[localhost].[/]       : Initializing Spring embedded WebApplicationContext
2020-08-11 22:14:18.214  INFO 12380 --- [    Test worker] o.s.web.context.ContextLoader            : Root WebApplicationContext: initialization completed in 2320 ms
2020-08-11 22:14:19.284  INFO 12380 --- [    Test worker] o.s.s.concurrent.ThreadPoolTaskExecutor  : Initializing ExecutorService 'applicationTaskExecutor'
2020-08-11 22:14:19.773  INFO 12380 --- [    Test worker] o.s.b.a.e.web.EndpointLinksResolver      : Exposing 2 endpoint(s) beneath base path '/manage'
2020-08-11 22:14:19.910  INFO 12380 --- [    Test worker] o.s.b.w.embedded.tomcat.TomcatWebServer  : Tomcat started on port(s): 52237 (http) with context path ''
2020-08-11 22:14:19.916  INFO 12380 --- [    Test worker] c.o.adf.gateway.app.StatusControllerFT   : Started StatusControllerFT in 4.572 seconds (JVM running for 6.895)
2020-08-11 22:14:20.692  INFO 12380 --- [o-auto-1-exec-1] o.a.c.c.C.[Tomcat].[localhost].[/]       : Initializing Spring DispatcherServlet 'dispatcherServlet'
2020-08-11 22:14:20.693  INFO 12380 --- [o-auto-1-exec-1] o.s.web.servlet.DispatcherServlet        : Initializing Servlet 'dispatcherServlet'
2020-08-11 22:14:20.729  INFO 12380 --- [o-auto-1-exec-1] o.s.web.servlet.DispatcherServlet        : Completed initialization in 36 ms
]]></system-out>
  <system-err><![CDATA[]]></system-err>
</testsuite>
